<DagsterLogManager dagster (NOTSET)>
notebooks\dataset_01\loading_data_neo4js.ipynb
..\notebooks\dataset_01\loading_data_neo4js.ipynb
\notebooks\dataset_01\loading_data_neo4js.ipynb
Data-Analytics-And-Visualization
otebooks\dataset_01\loading_data_neo4js.ipynb
..\notebooks\dataset_01\loading_data_neo4js.ipynb
C:\Users\Asus\Desktop\Study\Msc DA\Analytics Programming and Data Visualisation\Project\notebooks\dataset_01\loading_data_neo4js.ipynb
C:\Users\Asus\Desktop\Study\Msc DA\Analytics Programming and Data Visualisation\Project\notebooks\dataset_01\loading_data_neo4js.ipynb
C:\Users\Asus\Desktop\Study\Msc DA\Analytics Programming and Data Visualisation\Project\notebooks\dataset_01\loading_data_neo4js.ipynb
C:\Users\Asus\Desktop\Study\Msc DA\Analytics Programming and Data Visualisation\Project\Data-Analytics-And-Visualization\notebooks\dataset_01\loading_data_neo4js.ipynb
C:\Users\Asus\Desktop\Study\Msc DA\Analytics Programming and Data Visualisation\Project\Data-Analytics-And-Visualization\notebooks\dataset_01\loading_data_neo4js.ipynb
C:\Users\Asus\Desktop\Study\Msc DA\Analytics Programming and Data Visualisation\Project\Data-Analytics-And-Visualization\notebooks\dataset_01\loading_data_neo4js.ipynb
C:\Users\Asus\Desktop\Study\Msc DA\Analytics Programming and Data Visualisation\Project\Data-Analytics-And-Visualization\notebooks\dataset_01\loading_data_neo4js.ipynb
C:\Users\Asus\Desktop\Study\Msc DA\Analytics Programming and Data Visualisation\Project\Data-Analytics-And-Visualization\notebooks\dataset_02\MongoDB (No-SQL).ipynb
C:\Users\Asus\Desktop\Study\Msc DA\Analytics Programming and Data Visualisation\Project\Data-Analytics-And-Visualization\notebooks\dataset_01\loading_data_neo4js.ipynb
C:\Users\Asus\Desktop\Study\Msc DA\Analytics Programming and Data Visualisation\Project\Data-Analytics-And-Visualization\notebooks\dataset_01\loading_data_postgreSQL.ipynb
C:\Users\Asus\Desktop\Study\Msc DA\Analytics Programming and Data Visualisation\Project\Data-Analytics-And-Visualization\notebooks\dataset_02\MySQL.ipynb
C:\Users\Asus\Desktop\Study\Msc DA\Analytics Programming and Data Visualisation\Project\Data-Analytics-And-Visualization\notebooks\dataset_02\MongoDB (No-SQL).ipynb
C:\Users\Asus\Desktop\Study\Msc DA\Analytics Programming and Data Visualisation\Project\Data-Analytics-And-Visualization\notebooks\dataset_02\MongoDB (No-SQL).ipynb
C:\Users\Asus\Desktop\Study\Msc DA\Analytics Programming and Data Visualisation\Project\Data-Analytics-And-Visualization\notebooks\dataset_02\MongoDB (No-SQL).ipynb
C:\Users\Asus\Desktop\Study\Msc DA\Analytics Programming and Data Visualisation\Project\Data-Analytics-And-Visualization\notebooks\dataset_03\load_data_to_mongoDB.ipynb
C:\Users\Asus\Desktop\Study\Msc DA\Analytics Programming and Data Visualisation\Project\Data-Analytics-And-Visualization\notebooks\dataset_02\MySQL.ipynb
C:\Users\Asus\Desktop\Study\Msc DA\Analytics Programming and Data Visualisation\Project\Data-Analytics-And-Visualization\notebooks\dataset_01\loading_data_postgreSQL.ipynb
C:\Users\Asus\Desktop\Study\Msc DA\Analytics Programming and Data Visualisation\Project\Data-Analytics-And-Visualization\notebooks\dataset_02\MongoDB (No-SQL).ipynb
C:\Users\Asus\Desktop\Study\Msc DA\Analytics Programming and Data Visualisation\Project\Data-Analytics-And-Visualization\notebooks\dataset_03\load_data_to_mongoDB.ipynb
C:\Users\Asus\Desktop\Study\Msc DA\Analytics Programming and Data Visualisation\Project\Data-Analytics-And-Visualization\notebooks\dataset_02\MySQL.ipynb
C:\Users\Asus\Desktop\Study\Msc DA\Analytics Programming and Data Visualisation\Project\Data-Analytics-And-Visualization\notebooks\dataset_01\loading_data_postgreSQL.ipynb
C:\Users\Asus\Desktop\Study\Msc DA\Analytics Programming and Data Visualisation\Project\Data-Analytics-And-Visualization\notebooks\dataset_02\MongoDB (No-SQL).ipynb
C:\Users\Asus\Desktop\Study\Msc DA\Analytics Programming and Data Visualisation\Project\Data-Analytics-And-Visualization\notebooks\dataset_03\load_data_to_mongoDB.ipynb
C:\Users\Asus\Desktop\Study\Msc DA\Analytics Programming and Data Visualisation\Project\Data-Analytics-And-Visualization\notebooks\dataset_02\MySQL.ipynb
C:\Users\Asus\Desktop\Study\Msc DA\Analytics Programming and Data Visualisation\Project\Data-Analytics-And-Visualization\notebooks\dataset_01\loading_data_postgreSQL.ipynb
C:\Users\Asus\Desktop\Study\Msc DA\Analytics Programming and Data Visualisation\Project\Data-Analytics-And-Visualization\notebooks\dataset_03\load_data_to_mongoDB.ipynb
C:\Users\Asus\Desktop\Study\Msc DA\Analytics Programming and Data Visualisation\Project\Data-Analytics-And-Visualization\notebooks\dataset_02\MongoDB (No-SQL).ipynb
C:\Users\Asus\Desktop\Study\Msc DA\Analytics Programming and Data Visualisation\Project\Data-Analytics-And-Visualization\notebooks\dataset_01\loading_data_postgreSQL.ipynb
C:\Users\Asus\Desktop\Study\Msc DA\Analytics Programming and Data Visualisation\Project\Data-Analytics-And-Visualization\notebooks\dataset_01\loading_data_neo4js.ipynb
C:\Users\Asus\Desktop\Study\Msc DA\Analytics Programming and Data Visualisation\Project\Data-Analytics-And-Visualization\notebooks\dataset_02\MySQL.ipynb
C:\Users\Asus\Desktop\Study\Msc DA\Analytics Programming and Data Visualisation\Project\Data-Analytics-And-Visualization\notebooks\dataset_03\load_data_to_mongoDB.ipynb
C:\Users\Asus\Desktop\Study\Msc DA\Analytics Programming and Data Visualisation\Project\Data-Analytics-And-Visualization\notebooks\dataset_02\MongoDB (No-SQL).ipynb
C:\Users\Asus\Desktop\Study\Msc DA\Analytics Programming and Data Visualisation\Project\Data-Analytics-And-Visualization\notebooks\dataset_02\MySQL.ipynb
C:\Users\Asus\Desktop\Study\Msc DA\Analytics Programming and Data Visualisation\Project\Data-Analytics-And-Visualization\notebooks\dataset_01\loading_data_neo4js.ipynb
C:\Users\Asus\Desktop\Study\Msc DA\Analytics Programming and Data Visualisation\Project\Data-Analytics-And-Visualization\notebooks\dataset_02\MongoDB (No-SQL).ipynb
C:\Users\Asus\Desktop\Study\Msc DA\Analytics Programming and Data Visualisation\Project\Data-Analytics-And-Visualization\notebooks\dataset_02\MongoDB (No-SQL).ipynb
C:\Users\Asus\Desktop\Study\Msc DA\Analytics Programming and Data Visualisation\Project\Data-Analytics-And-Visualization\notebooks\dataset_02\MongoDB (No-SQL).ipynb
C:\Users\Asus\Desktop\Study\Msc DA\Analytics Programming and Data Visualisation\Project\Data-Analytics-And-Visualization\Dashboard\Dashboard.ipynb
C:\Users\Asus\Desktop\Study\Msc DA\Analytics Programming and Data Visualisation\Project\Data-Analytics-And-Visualization\Dashboard\Dashboard.ipynb
C:\Users\Asus\Desktop\Study\Msc DA\Analytics Programming and Data Visualisation\Project\Data-Analytics-And-Visualization\Dashboard\Dashboard.ipynb
C:\Users\Asus\Desktop\Study\Msc DA\Analytics Programming and Data Visualisation\Project\Data-Analytics-And-Visualization\Dashboard\Dashboard.ipynb
C:\Users\Asus\Desktop\Study\Msc DA\Analytics Programming and Data Visualisation\Project\Data-Analytics-And-Visualization\Dashboard\Dashboard.ipynb
C:\Users\Asus\Desktop\Study\Msc DA\Analytics Programming and Data Visualisation\Project\Data-Analytics-And-Visualization\Dashboard\Dashboard.ipynb
C:\Users\Asus\Desktop\Study\Msc DA\Analytics Programming and Data Visualisation\Project\Data-Analytics-And-Visualization\Dashboard\Dashboard.ipynb
C:\Users\Asus\Desktop\Study\Msc DA\Analytics Programming and Data Visualisation\Project\Data-Analytics-And-Visualization\Dashboard\Dashboard.ipynb
C:\Users\Asus\Desktop\Study\Msc DA\Analytics Programming and Data Visualisation\Project\Data-Analytics-And-Visualization\notebooks\dataset_01\loading_data_postgreSQL.ipynb
C:\Users\Asus\Desktop\Study\Msc DA\Analytics Programming and Data Visualisation\Project\Data-Analytics-And-Visualization\notebooks\dataset_02\MySQL.ipynb
C:\Users\Asus\Desktop\Study\Msc DA\Analytics Programming and Data Visualisation\Project\Data-Analytics-And-Visualization\notebooks\dataset_03\Connection-sql.ipynb
C:\Users\Asus\Desktop\Study\Msc DA\Analytics Programming and Data Visualisation\Project\Data-Analytics-And-Visualization\notebooks\dataset_02\MySQL.ipynb
C:\Users\Asus\Desktop\Study\Msc DA\Analytics Programming and Data Visualisation\Project\Data-Analytics-And-Visualization\notebooks\dataset_03\Connection-sql.ipynb
C:\Users\Asus\Desktop\Study\Msc DA\Analytics Programming and Data Visualisation\Project\Data-Analytics-And-Visualization\notebooks\dataset_01\loading_data_neo4js.ipynb
C:\Users\Asus\Desktop\Study\Msc DA\Analytics Programming and Data Visualisation\Project\Data-Analytics-And-Visualization\notebooks\dataset_01\loading_data_neo4js.ipynb
C:\Users\Asus\Desktop\Study\Msc DA\Analytics Programming and Data Visualisation\Project\Data-Analytics-And-Visualization\notebooks\dataset_01\loading_data_neo4js.ipynb
C:\Users\Asus\Desktop\Study\Msc DA\Analytics Programming and Data Visualisation\Project\Data-Analytics-And-Visualization\notebooks\dataset_02\MySQL.ipynb
C:\Users\Asus\Desktop\Study\Msc DA\Analytics Programming and Data Visualisation\Project\Data-Analytics-And-Visualization\notebooks\dataset_03\Connection-sql.ipynb
C:\Users\Asus\Desktop\Study\Msc DA\Analytics Programming and Data Visualisation\Project\Data-Analytics-And-Visualization\notebooks\dataset_01\loading_data_neo4js.ipynb
C:\Users\Asus\Desktop\Study\Msc DA\Analytics Programming and Data Visualisation\Project\Data-Analytics-And-Visualization\notebooks\dataset_01\loading_data_neo4js.ipynb
C:\Users\Asus\Desktop\Study\Msc DA\Analytics Programming and Data Visualisation\Project\Data-Analytics-And-Visualization\notebooks\dataset_02\MySQL.ipynb
C:\Users\Asus\Desktop\Study\Msc DA\Analytics Programming and Data Visualisation\Project\Data-Analytics-And-Visualization\notebooks\dataset_03\Connection-sql.ipynb
C:\Users\Asus\Desktop\Study\Msc DA\Analytics Programming and Data Visualisation\Project\Data-Analytics-And-Visualization\notebooks\dataset_01\loading_data_neo4js.ipynb
C:\Users\Asus\Desktop\Study\Msc DA\Analytics Programming and Data Visualisation\Project\Data-Analytics-And-Visualization\notebooks\dataset_02\MySQL.ipynb
C:\Users\Asus\Desktop\Study\Msc DA\Analytics Programming and Data Visualisation\Project\Data-Analytics-And-Visualization\notebooks\dataset_02\MySQL.ipynb
C:\Users\Asus\Desktop\Study\Msc DA\Analytics Programming and Data Visualisation\Project\Data-Analytics-And-Visualization\notebooks\dataset_02\MySQL.ipynb
C:\Users\Asus\Desktop\Study\Msc DA\Analytics Programming and Data Visualisation\Project\Data-Analytics-And-Visualization\notebooks\dataset_02\MySQL.ipynb
C:\Users\Asus\Desktop\Study\Msc DA\Analytics Programming and Data Visualisation\Project\Data-Analytics-And-Visualization\notebooks\dataset_02\MySQL.ipynb
C:\Users\Asus\Desktop\Study\Msc DA\Analytics Programming and Data Visualisation\Project\Data-Analytics-And-Visualization\notebooks\dataset_02\MySQL.ipynb
C:\Users\Asus\Desktop\Study\Msc DA\Analytics Programming and Data Visualisation\Project\Data-Analytics-And-Visualization\notebooks\dataset_03\Connection-sql.ipynb
C:\Users\Asus\Desktop\Study\Msc DA\Analytics Programming and Data Visualisation\Project\Data-Analytics-And-Visualization\notebooks\dataset_02\MongoDB (No-SQL).ipynb
C:\Users\Asus\Desktop\Study\Msc DA\Analytics Programming and Data Visualisation\Project\Data-Analytics-And-Visualization\notebooks\dataset_03\Connection-sql.ipynb
C:\Users\Asus\Desktop\Study\Msc DA\Analytics Programming and Data Visualisation\Project\Data-Analytics-And-Visualization\notebooks\dataset_02\MongoDB (No-SQL).ipynb
C:\Users\Asus\Desktop\Study\Msc DA\Analytics Programming and Data Visualisation\Project\Data-Analytics-And-Visualization\notebooks\dataset_03\Connection-sql.ipynb
C:\Users\Asus\Desktop\Study\Msc DA\Analytics Programming and Data Visualisation\Project\Data-Analytics-And-Visualization\notebooks\dataset_03\Connection-sql.ipynb
C:\Users\Asus\Desktop\Study\Msc DA\Analytics Programming and Data Visualisation\Project\Data-Analytics-And-Visualization\notebooks\dataset_02\MySQL.ipynb
C:\Users\Asus\Desktop\Study\Msc DA\Analytics Programming and Data Visualisation\Project\Data-Analytics-And-Visualization\notebooks\dataset_03\load_data_to_mongoDB.ipynb
C:\Users\Asus\Desktop\Study\Msc DA\Analytics Programming and Data Visualisation\Project\Data-Analytics-And-Visualization\notebooks\dataset_02\MySQL.ipynb
C:\Users\Asus\Desktop\Study\Msc DA\Analytics Programming and Data Visualisation\Project\Data-Analytics-And-Visualization\notebooks\dataset_03\load_data_to_mongoDB.ipynb
C:\Users\Asus\Desktop\Study\Msc DA\Analytics Programming and Data Visualisation\Project\Data-Analytics-And-Visualization\notebooks\dataset_02\MySQL.ipynb
C:\Users\Asus\Desktop\Study\Msc DA\Analytics Programming and Data Visualisation\Project\Data-Analytics-And-Visualization\notebooks\dataset_03\load_data_to_mongoDB.ipynb
C:\Users\Asus\Desktop\Study\Msc DA\Analytics Programming and Data Visualisation\Project\Data-Analytics-And-Visualization\notebooks\dataset_03\connection-NOsql.ipynb
C:\Users\Asus\Desktop\Study\Msc DA\Analytics Programming and Data Visualisation\Project\Data-Analytics-And-Visualization\notebooks\dataset_02\MySQL.ipynb
